Running with a CPU.  If this is not desired, then the modify network3.py to set
the GPU flag to True.
[[[ 33  30  38]
  [ 15  23  19]
  [ 15  17  19]
  ..., 
  [ 72  65  56]
  [ 82  77  57]
  [ 89  79  59]]

 [[ 28  39  35]
  [ 14  25  22]
  [ 14  20  17]
  ..., 
  [ 40  39  50]
  [ 67  58  52]
  [ 83  78  60]]

 [[ 40  41  38]
  [ 18  21  26]
  [ 16  17  23]
  ..., 
  [ 23  29  45]
  [ 35  42  44]
  [ 72  69  53]]

 ..., 
 [[ 86  81  75]
  [ 87  82  71]
  [ 82  79  65]
  ..., 
  [104 104  87]
  [104 105  81]
  [103 105  78]]

 [[ 84  86  64]
  [ 86  79  72]
  [ 82  76  72]
  ..., 
  [110 103  84]
  [106 105  85]
  [106 104  86]]

 [[ 85  88  68]
  [ 89  82  72]
  [ 85  79  67]
  ..., 
  [111 104  87]
  [109 105  86]
  [103 106  79]]]
